<?xml version="1.0" encoding="UTF-8"?>
<testsuite name="step_by_step.step3.CardDeckTest" tests="4" skipped="0" failures="0" errors="0" timestamp="2021-08-26T09:51:30" hostname="DESKTOP-LU1FMM8" time="0.011">
  <properties/>
  <testcase name="count" classname="step_by_step.step3.CardDeckTest" time="0.006"/>
  <testcase name="reset" classname="step_by_step.step3.CardDeckTest" time="0.001"/>
  <testcase name="removeOne" classname="step_by_step.step3.CardDeckTest" time="0.001"/>
  <testcase name="shuffle" classname="step_by_step.step3.CardDeckTest" time="0.001"/>
  <system-out><![CDATA[]]></system-out>
  <system-err><![CDATA[]]></system-err>
</testsuite>
